<?xml version="1.0" encoding="utf-8"?><testsuites name="pytest tests"><testsuite name="pytest" errors="0" failures="0" skipped="0" tests="35" time="3.182" timestamp="2026-06-19T16:39:11.621358+00:00" hostname="agent-env-93630285-0a55-4b80-88b8-72d84d510436"><testcase classname="backend.tests.test_quicksell_api.TestAuth" name="test_request_otp_dev" time="0.304" /><testcase classname="backend.tests.test_quicksell_api.TestAuth" name="test_request_otp_invalid_mobile" time="0.043" /><testcase classname="backend.tests.test_quicksell_api.TestAuth" name="test_verify_otp_bad_code" time="0.045" /><testcase classname="backend.tests.test_quicksell_api.TestAuth" name="test_verify_otp_creates_user" time="0.047" /><testcase classname="backend.tests.test_quicksell_api.TestAuth" name="test_verify_otp_existing_user" time="0.052" /><testcase classname="backend.tests.test_quicksell_api.TestAuth" name="test_set_pin_and_verify" time="0.798" /><testcase classname="backend.tests.test_quicksell_api.TestAuth" name="test_set_pin_invalid" time="0.043" /><testcase classname="backend.tests.test_quicksell_api.TestAuth" name="test_me_endpoint" time="0.049" /><testcase classname="backend.tests.test_quicksell_api.TestHandles" name="test_check_available" time="0.043" /><testcase classname="backend.tests.test_quicksell_api.TestHandles" name="test_check_invalid" time="0.044" /><testcase classname="backend.tests.test_quicksell_api.TestHandles" name="test_claim_handle" time="0.046" /><testcase classname="backend.tests.test_quicksell_api.TestHandles" name="test_claim_collision" time="0.127" /><testcase classname="backend.tests.test_quicksell_api.TestHandles" name="test_check_unavailable_after_claim" time="0.083" /><testcase classname="backend.tests.test_quicksell_api.TestShop" name="test_update_shop" time="0.129" /><testcase classname="backend.tests.test_quicksell_api.TestCatalog" name="test_create_group" time="0.045" /><testcase classname="backend.tests.test_quicksell_api.TestCatalog" name="test_list_groups" time="0.043" /><testcase classname="backend.tests.test_quicksell_api.TestCatalog" name="test_update_group" time="0.044" /><testcase classname="backend.tests.test_quicksell_api.TestCatalog" name="test_create_product" time="0.048" /><testcase classname="backend.tests.test_quicksell_api.TestCatalog" name="test_get_product" time="0.042" /><testcase classname="backend.tests.test_quicksell_api.TestCatalog" name="test_update_product" time="0.084" /><testcase classname="backend.tests.test_quicksell_api.TestCatalog" name="test_list_products_with_search" time="0.043" /><testcase classname="backend.tests.test_quicksell_api.TestCatalog" name="test_product_auth_required" time="0.041" /><testcase classname="backend.tests.test_quicksell_api.TestStorefront" name="test_storefront_public" time="0.045" /><testcase classname="backend.tests.test_quicksell_api.TestStorefront" name="test_storefront_404" time="0.042" /><testcase classname="backend.tests.test_quicksell_api.TestStorefront" name="test_create_buyer_order" time="0.084" /><testcase classname="backend.tests.test_quicksell_api.TestStorefront" name="test_orders_list_authed" time="0.045" /><testcase classname="backend.tests.test_quicksell_api.TestStorefront" name="test_update_order_status" time="0.130" /><testcase classname="backend.tests.test_quicksell_api.TestUploads" name="test_presign" time="0.127" /><testcase classname="backend.tests.test_quicksell_api.TestAdmin" name="test_admin_login_default" time="0.044" /><testcase classname="backend.tests.test_quicksell_api.TestAdmin" name="test_admin_login_wrong" time="0.042" /><testcase classname="backend.tests.test_quicksell_api.TestAdmin" name="test_admin_settings_get" time="0.046" /><testcase classname="backend.tests.test_quicksell_api.TestAdmin" name="test_admin_settings_unauthorized" time="0.049" /><testcase classname="backend.tests.test_quicksell_api.TestAdmin" name="test_admin_settings_update_provider" time="0.044" /><testcase classname="backend.tests.test_quicksell_api.TestCleanup" name="test_delete_product" time="0.092" /><testcase classname="backend.tests.test_quicksell_api.TestCleanup" name="test_delete_group" time="0.046" /></testsuite></testsuites>